yarn run v1.22.17
$ tsup src/index.tsx --format esm,cjs --dts --external react && tailwindcss -i ./src/styles.css -o ./dist/styles.css
[34mCLI[39m Building entry: src/index.tsx
[34mCLI[39m Using tsconfig: tsconfig.json
[34mCLI[39m tsup v6.5.0
[34mCLI[39m Target: es6
[34mESM[39m Build start
[34mCJS[39m Build start
[32mESM[39m [1mdist\index.css [22m[32m2.06 KB[39m
[32mESM[39m [1mdist\index.mjs [22m[32m313.58 KB[39m
[32mESM[39m ⚡️ Build success in 299ms
[32mCJS[39m [1mdist\index.css [22m[32m2.06 KB[39m
[32mCJS[39m [1mdist\index.js  [22m[32m320.27 KB[39m
[32mCJS[39m ⚡️ Build success in 300ms
[34mDTS[39m Build start
[32mDTS[39m ⚡️ Build success in 3155ms
[32mDTS[39m [1mdist\index.d.ts [22m[32m1.13 KB[39m

Rebuilding...

Done in 356ms.
Done in 5.40s.
